<?xml version="1.0" encoding="UTF-8"?>
<!-- Generated by org.testng.reporters.JUnitReportReporter -->
<testsuite hostname="DESKTOP-PJJDTV0" failures="0" tests="1" name="base.baseclass" time="0.006" errors="0" timestamp="2021-10-30T17:53:21 IST" skipped="0">
  <testcase classname="base.baseclass" name="test" time="0.006"/>
  <system-out/>
</testsuite> <!-- base.baseclass -->
